Flow report for miatc3x
Thu Sep 21 11:05:25 2017
Quartus II 64-Bit Version 13.1.0 Build 162 10/23/2013 SJ Full Version


---------------------
; Table of Contents ;
---------------------
  1. Legal Notice
  2. Flow Summary
  3. Flow Settings
  4. Flow Non-Default Global Settings
  5. Flow Elapsed Time
  6. Flow OS Summary
  7. Flow Log
  8. Flow Messages
  9. Flow Suppressed Messages



----------------
; Legal Notice ;
----------------
Copyright (C) 1991-2013 Altera Corporation
Your use of Altera Corporation's design tools, logic functions 
and other software and tools, and its AMPP partner logic 
functions, and any output files from any of the foregoing 
(including device programming or simulation files), and any 
associated documentation or information are expressly subject 
to the terms and conditions of the Altera Program License 
Subscription Agreement, Altera MegaCore Function License 
Agreement, or other applicable license agreement, including, 
without limitation, that your use is for the sole purpose of 
programming logic devices manufactured by Altera and sold by 
Altera or its authorized distributors.  Please refer to the 
applicable agreement for further details.



+----------------------------------------------------------------------------------+
; Flow Summary                                                                     ;
+------------------------------------+---------------------------------------------+
; Flow Status                        ; Successful - Thu Sep 21 11:05:21 2017       ;
; Quartus II 64-Bit Version          ; 13.1.0 Build 162 10/23/2013 SJ Full Version ;
; Revision Name                      ; miatc3x                                     ;
; Top-level Entity Name              ; miatc3x                                     ;
; Family                             ; Cyclone III                                 ;
; Device                             ; EP3C25F256C8                                ;
; Timing Models                      ; Final                                       ;
; Total logic elements               ; 2,487 / 24,624 ( 10 % )                     ;
;     Total combinational functions  ; 1,308 / 24,624 ( 5 % )                      ;
;     Dedicated logic registers      ; 1,978 / 24,624 ( 8 % )                      ;
; Total registers                    ; 1978                                        ;
; Total pins                         ; 36 / 157 ( 23 % )                           ;
; Total virtual pins                 ; 0                                           ;
; Total memory bits                  ; 233,472 / 608,256 ( 38 % )                  ;
; Embedded Multiplier 9-bit elements ; 0 / 132 ( 0 % )                             ;
; Total PLLs                         ; 1 / 4 ( 25 % )                              ;
+------------------------------------+---------------------------------------------+


+-----------------------------------------+
; Flow Settings                           ;
+-------------------+---------------------+
; Option            ; Setting             ;
+-------------------+---------------------+
; Start date & time ; 09/21/2017 11:04:58 ;
; Main task         ; Compilation         ;
; Revision Name     ; miatc3x             ;
+-------------------+---------------------+


+-------------------------------------------------------------------------------------------------------------------------------------------------------------------------------------------------------------------------------------------------------------------------------------------------------------------------------------------------------------------------------------------------------------------------------------------------------------------------------------------+
; Flow Non-Default Global Settings                                                                                                                                                                                                                                                                                                                                                                                                                                                          ;
+-------------------------------------+----------------------------------------------------------------------------------------------------------------------------------------------------------------------------------------------------------------------------------------------------------------------------------------------------------------------------------------------------------------------------------------------------+---------------+-------------+------------------+
; Assignment Name                     ; Value                                                                                                                                                                                                                                                                                                                                                                                              ; Default Value ; Entity Name ; Section Id       ;
+-------------------------------------+----------------------------------------------------------------------------------------------------------------------------------------------------------------------------------------------------------------------------------------------------------------------------------------------------------------------------------------------------------------------------------------------------+---------------+-------------+------------------+
; COMPILER_SIGNATURE_ID               ; 70975880055311.150596309818660                                                                                                                                                                                                                                                                                                                                                                     ; --            ; --          ; --               ;
; ENABLE_SIGNALTAP                    ; On                                                                                                                                                                                                                                                                                                                                                                                                 ; --            ; --          ; --               ;
; IP_TOOL_NAME                        ; ALTPLL                                                                                                                                                                                                                                                                                                                                                                                             ; --            ; --          ; --               ;
; IP_TOOL_VERSION                     ; 10.0                                                                                                                                                                                                                                                                                                                                                                                               ; --            ; --          ; --               ;
; MAX_CORE_JUNCTION_TEMP              ; 85                                                                                                                                                                                                                                                                                                                                                                                                 ; --            ; --          ; --               ;
; MIN_CORE_JUNCTION_TEMP              ; 0                                                                                                                                                                                                                                                                                                                                                                                                  ; --            ; --          ; --               ;
; MISC_FILE                           ; /home/tkyao/workspace/dahaw_20100719fpga/example/uart_para/alt/miatc3x/run/miatc3x.dpf                                                                                                                                                                                                                                                                                                             ; --            ; --          ; --               ;
; MISC_FILE                           ; /udata/miathome/tkyao/workspace/dahaw_20100719fpga/example/uart_para2/alt/miatc3x/run/miatc3x.dpf                                                                                                                                                                                                                                                                                                  ; --            ; --          ; --               ;
; MISC_FILE                           ; /home/tkyao/workspace/dahaw_20100719fpga/example/uart_receiver2/alt/miatc3x/run/miatc3x.dpf                                                                                                                                                                                                                                                                                                        ; --            ; --          ; --               ;
; MISC_FILE                           ; A:/workspace/dahaw_20100719fpga/example/uart_receiver2/alt/miatc3x/run/miatc3x.dpf                                                                                                                                                                                                                                                                                                                 ; --            ; --          ; --               ;
; MISC_FILE                           ; D:/DaHaw_Example_20100719/hscomm_proj1/hardware/alt/miatc3x/run/miatc3x.dpf                                                                                                                                                                                                                                                                                                                        ; --            ; --          ; --               ;
; MISC_FILE                           ; ../bsp/pll/pll100.cmp                                                                                                                                                                                                                                                                                                                                                                              ; --            ; --          ; --               ;
; MISC_FILE                           ; ../bsp/pll/pll100.ppf                                                                                                                                                                                                                                                                                                                                                                              ; --            ; --          ; --               ;
; NOMINAL_CORE_SUPPLY_VOLTAGE         ; 1.2V                                                                                                                                                                                                                                                                                                                                                                                               ; --            ; --          ; --               ;
; NUM_PARALLEL_PROCESSORS             ; All                                                                                                                                                                                                                                                                                                                                                                                                ; --            ; --          ; --               ;
; PARTITION_COLOR                     ; 16764057                                                                                                                                                                                                                                                                                                                                                                                           ; --            ; --          ; Top              ;
; PARTITION_FITTER_PRESERVATION_LEVEL ; PLACEMENT_AND_ROUTING                                                                                                                                                                                                                                                                                                                                                                              ; --            ; --          ; Top              ;
; PARTITION_NETLIST_TYPE              ; SOURCE                                                                                                                                                                                                                                                                                                                                                                                             ; --            ; --          ; Top              ;
; POWER_BOARD_THERMAL_MODEL           ; None (CONSERVATIVE)                                                                                                                                                                                                                                                                                                                                                                                ; --            ; --          ; --               ;
; POWER_PRESET_COOLING_SOLUTION       ; 23 MM HEAT SINK WITH 200 LFPM AIRFLOW                                                                                                                                                                                                                                                                                                                                                              ; --            ; --          ; --               ;
; PROJECT_OUTPUT_DIRECTORY            ; ../output                                                                                                                                                                                                                                                                                                                                                                                          ; --            ; --          ; --               ;
; SLD_FILE                            ; db/stp1_auto_stripped.stp                                                                                                                                                                                                                                                                                                                                                                          ; --            ; --          ; --               ;
; SLD_NODE_CREATOR_ID                 ; 110                                                                                                                                                                                                                                                                                                                                                                                                ; --            ; --          ; auto_signaltap_0 ;
; SLD_NODE_ENTITY_NAME                ; sld_signaltap                                                                                                                                                                                                                                                                                                                                                                                      ; --            ; --          ; auto_signaltap_0 ;
; SLD_NODE_PARAMETER_ASSIGNMENT       ; SLD_NODE_INFO=805334528                                                                                                                                                                                                                                                                                                                                                                            ; --            ; --          ; auto_signaltap_0 ;
; SLD_NODE_PARAMETER_ASSIGNMENT       ; SLD_POWER_UP_TRIGGER=0                                                                                                                                                                                                                                                                                                                                                                             ; --            ; --          ; auto_signaltap_0 ;
; SLD_NODE_PARAMETER_ASSIGNMENT       ; SLD_STORAGE_QUALIFIER_INVERSION_MASK_LENGTH=0                                                                                                                                                                                                                                                                                                                                                      ; --            ; --          ; auto_signaltap_0 ;
; SLD_NODE_PARAMETER_ASSIGNMENT       ; SLD_ATTRIBUTE_MEM_MODE=OFF                                                                                                                                                                                                                                                                                                                                                                         ; --            ; --          ; auto_signaltap_0 ;
; SLD_NODE_PARAMETER_ASSIGNMENT       ; SLD_STATE_FLOW_USE_GENERATED=0                                                                                                                                                                                                                                                                                                                                                                     ; --            ; --          ; auto_signaltap_0 ;
; SLD_NODE_PARAMETER_ASSIGNMENT       ; SLD_STATE_BITS=11                                                                                                                                                                                                                                                                                                                                                                                  ; --            ; --          ; auto_signaltap_0 ;
; SLD_NODE_PARAMETER_ASSIGNMENT       ; SLD_BUFFER_FULL_STOP=1                                                                                                                                                                                                                                                                                                                                                                             ; --            ; --          ; auto_signaltap_0 ;
; SLD_NODE_PARAMETER_ASSIGNMENT       ; SLD_CURRENT_RESOURCE_WIDTH=1                                                                                                                                                                                                                                                                                                                                                                       ; --            ; --          ; auto_signaltap_0 ;
; SLD_NODE_PARAMETER_ASSIGNMENT       ; SLD_TRIGGER_LEVEL=1                                                                                                                                                                                                                                                                                                                                                                                ; --            ; --          ; auto_signaltap_0 ;
; SLD_NODE_PARAMETER_ASSIGNMENT       ; SLD_TRIGGER_IN_ENABLED=0                                                                                                                                                                                                                                                                                                                                                                           ; --            ; --          ; auto_signaltap_0 ;
; SLD_NODE_PARAMETER_ASSIGNMENT       ; SLD_ADVANCED_TRIGGER_ENTITY=basic,1,                                                                                                                                                                                                                                                                                                                                                               ; --            ; --          ; auto_signaltap_0 ;
; SLD_NODE_PARAMETER_ASSIGNMENT       ; SLD_TRIGGER_LEVEL_PIPELINE=1                                                                                                                                                                                                                                                                                                                                                                       ; --            ; --          ; auto_signaltap_0 ;
; SLD_NODE_PARAMETER_ASSIGNMENT       ; SLD_ENABLE_ADVANCED_TRIGGER=0                                                                                                                                                                                                                                                                                                                                                                      ; --            ; --          ; auto_signaltap_0 ;
; SLD_NODE_PARAMETER_ASSIGNMENT       ; SLD_SEGMENT_SIZE=2048                                                                                                                                                                                                                                                                                                                                                                              ; --            ; --          ; auto_signaltap_0 ;
; SLD_NODE_PARAMETER_ASSIGNMENT       ; SLD_SAMPLE_DEPTH=2048                                                                                                                                                                                                                                                                                                                                                                              ; --            ; --          ; auto_signaltap_0 ;
; SLD_NODE_PARAMETER_ASSIGNMENT       ; SLD_DATA_BITS=114                                                                                                                                                                                                                                                                                                                                                                                  ; --            ; --          ; auto_signaltap_0 ;
; SLD_NODE_PARAMETER_ASSIGNMENT       ; SLD_TRIGGER_BITS=114                                                                                                                                                                                                                                                                                                                                                                               ; --            ; --          ; auto_signaltap_0 ;
; SLD_NODE_PARAMETER_ASSIGNMENT       ; SLD_INVERSION_MASK=0000000000000000000000000000000000000000000000000000000000000000000000000000000000000000000000000000000000000000000000000000000000000000000000000000000000000000000000000000000000000000000000000000000000000000000000000000000000000000000000000000000000000000000000000000000000000000000000000000000000000000000000000000000000000000000000000000000000000000000000000000000 ; --            ; --          ; auto_signaltap_0 ;
; SLD_NODE_PARAMETER_ASSIGNMENT       ; SLD_INVERSION_MASK_LENGTH=367                                                                                                                                                                                                                                                                                                                                                                      ; --            ; --          ; auto_signaltap_0 ;
; SLD_NODE_PARAMETER_ASSIGNMENT       ; SLD_NODE_CRC_LOWORD=18047                                                                                                                                                                                                                                                                                                                                                                          ; --            ; --          ; auto_signaltap_0 ;
; SLD_NODE_PARAMETER_ASSIGNMENT       ; SLD_NODE_CRC_HIWORD=48477                                                                                                                                                                                                                                                                                                                                                                          ; --            ; --          ; auto_signaltap_0 ;
; SLD_NODE_PARAMETER_ASSIGNMENT       ; SLD_RAM_BLOCK_TYPE=M9K                                                                                                                                                                                                                                                                                                                                                                             ; --            ; --          ; auto_signaltap_0 ;
; SMART_RECOMPILE                     ; On                                                                                                                                                                                                                                                                                                                                                                                                 ; Off           ; --          ; --               ;
; USE_SIGNALTAP_FILE                  ; ../stp/stp1.stp                                                                                                                                                                                                                                                                                                                                                                                    ; --            ; --          ; --               ;
+-------------------------------------+----------------------------------------------------------------------------------------------------------------------------------------------------------------------------------------------------------------------------------------------------------------------------------------------------------------------------------------------------------------------------------------------------+---------------+-------------+------------------+


+-------------------------------------------------------------------------------------------------------------------------------+
; Flow Elapsed Time                                                                                                             ;
+---------------------------+--------------+-------------------------+---------------------+------------------------------------+
; Module Name               ; Elapsed Time ; Average Processors Used ; Peak Virtual Memory ; Total CPU Time (on all processors) ;
+---------------------------+--------------+-------------------------+---------------------+------------------------------------+
; Analysis & Synthesis      ; 00:00:08     ; 1.0                     ; 615 MB              ; 00:00:08                           ;
; Fitter                    ; 00:00:10     ; 1.3                     ; 1213 MB             ; 00:00:11                           ;
; Assembler                 ; 00:00:01     ; 1.0                     ; 471 MB              ; 00:00:01                           ;
; TimeQuest Timing Analyzer ; 00:00:02     ; 2.5                     ; 596 MB              ; 00:00:03                           ;
; Total                     ; 00:00:21     ; --                      ; --                  ; 00:00:23                           ;
+---------------------------+--------------+-------------------------+---------------------+------------------------------------+


+----------------------------------------------------------------------------------------+
; Flow OS Summary                                                                        ;
+---------------------------+------------------+-----------+------------+----------------+
; Module Name               ; Machine Hostname ; OS Name   ; OS Version ; Processor type ;
+---------------------------+------------------+-----------+------------+----------------+
; Analysis & Synthesis      ; DESKTOP-CMK      ; Windows 7 ; 6.2        ; x86_64         ;
; Fitter                    ; DESKTOP-CMK      ; Windows 7 ; 6.2        ; x86_64         ;
; Assembler                 ; DESKTOP-CMK      ; Windows 7 ; 6.2        ; x86_64         ;
; TimeQuest Timing Analyzer ; DESKTOP-CMK      ; Windows 7 ; 6.2        ; x86_64         ;
+---------------------------+------------------+-----------+------------+----------------+


------------
; Flow Log ;
------------
quartus_map --read_settings_files=on --write_settings_files=off miatc3x -c miatc3x
quartus_fit --read_settings_files=off --write_settings_files=off miatc3x -c miatc3x
quartus_asm --read_settings_files=off --write_settings_files=off miatc3x -c miatc3x
quartus_sta miatc3x -c miatc3x



